[0.325s] Invoking command in '/home/ulugbek/dev-ws/src/build/velodyne_subscriber': CMAKE_PREFIX_PATH=${CMAKE_PREFIX_PATH}:/home/ulugbek/dev-ws/install/ros_tcp_endpoint:/opt/ros/foxy CONDA_PROMPT_MODIFIER=(base) /usr/bin/cmake /home/ulugbek/dev-ws/src/velodyne_subscriber -DCMAKE_INSTALL_PREFIX=/home/ulugbek/dev-ws/src/install/velodyne_subscriber
[0.346s] -- Found ament_cmake: 0.9.11 (/opt/ros/foxy/share/ament_cmake/cmake)
[0.383s] -- Using PYTHON_EXECUTABLE: /home/ulugbek/anaconda3/bin/python3
[0.658s] -- Found rclcpp: 2.4.2 (/opt/ros/foxy/share/rclcpp/cmake)
[0.691s] -- Using all available rosidl_typesupport_c: rosidl_typesupport_fastrtps_c;rosidl_typesupport_introspection_c
[0.691s] -- Found rosidl_adapter: 1.3.0 (/opt/ros/foxy/share/rosidl_adapter/cmake)
[0.799s] -- Using all available rosidl_typesupport_cpp: rosidl_typesupport_fastrtps_cpp;rosidl_typesupport_introspection_cpp
[0.845s] -- Found rmw_implementation_cmake: 1.0.3 (/opt/ros/foxy/share/rmw_implementation_cmake/cmake)
[0.845s] -- Using RMW implementation 'rmw_fastrtps_cpp' as default
[0.981s] -- Found sensor_msgs: 2.0.5 (/opt/ros/foxy/share/sensor_msgs/cmake)
[1.086s] -- Found pcl_conversions: 2.2.1 (/opt/ros/foxy/share/pcl_conversions/cmake)
[1.251s] -- Found pcl_ros: 2.2.1 (/opt/ros/foxy/share/pcl_ros/cmake)
[1.332s] -- Found eigen3_cmake_module: 0.1.1 (/opt/ros/foxy/share/eigen3_cmake_module/cmake)
[1.708s] -- Eigen found (include: /usr/include/eigen3, version: 3.3.7)
[1.792s] -- The imported target "vtkParseOGLExt" references the file
[1.792s]    "/usr/bin/vtkParseOGLExt-7.1"
[1.792s] but this file does not exist.  Possible reasons include:
[1.792s] * The file was deleted, renamed, or moved to another location.
[1.792s] * An install or uninstall procedure did not complete successfully.
[1.792s] * The installation package was faulty and contained
[1.792s]    "/usr/lib/cmake/vtk-7.1/VTKTargets.cmake"
[1.792s] but not all the files it references.
[1.793s] 
[1.793s] -- The imported target "vtkRenderingPythonTkWidgets" references the file
[1.793s]    "/usr/lib/x86_64-linux-gnu/libvtkRenderingPythonTkWidgets.so"
[1.793s] but this file does not exist.  Possible reasons include:
[1.793s] * The file was deleted, renamed, or moved to another location.
[1.793s] * An install or uninstall procedure did not complete successfully.
[1.794s] * The installation package was faulty and contained
[1.794s]    "/usr/lib/cmake/vtk-7.1/VTKTargets.cmake"
[1.794s] but not all the files it references.
[1.794s] 
[1.794s] -- The imported target "vtk" references the file
[1.794s]    "/usr/bin/vtk"
[1.794s] but this file does not exist.  Possible reasons include:
[1.794s] * The file was deleted, renamed, or moved to another location.
[1.794s] * An install or uninstall procedure did not complete successfully.
[1.794s] * The installation package was faulty and contained
[1.794s]    "/usr/lib/cmake/vtk-7.1/VTKTargets.cmake"
[1.795s] but not all the files it references.
[1.795s] 
[1.795s] -- The imported target "pvtk" references the file
[1.795s]    "/usr/bin/pvtk"
[1.795s] but this file does not exist.  Possible reasons include:
[1.795s] * The file was deleted, renamed, or moved to another location.
[1.795s] * An install or uninstall procedure did not complete successfully.
[1.795s] * The installation package was faulty and contained
[1.795s]    "/usr/lib/cmake/vtk-7.1/VTKTargets.cmake"
[1.795s] but not all the files it references.
[1.795s] 
[1.810s] -- Checking for module 'libusb-1.0'
[1.813s] --   No package 'libusb-1.0' found
[1.816s] -- Could NOT find USB_10 (missing: USB_10_LIBRARY USB_10_INCLUDE_DIR) 
[1.816s] -- OpenNI disabled because libusb-1.0 not found.
[1.820s] -- Checking for module 'libusb-1.0'
[1.823s] --   No package 'libusb-1.0' found
[1.827s] -- Could NOT find USB_10 (missing: USB_10_LIBRARY USB_10_INCLUDE_DIR) 
[1.827s] -- OpenNI 2 disabled because libusb-1.0 not found.
[1.840s] -- LIBUSB_1_LIBRARY (missing: LIBUSB_1_INCLUDE_DIR) 
[1.845s] -- Checking for module 'libusb-1.0'
[1.847s] --   No package 'libusb-1.0' found
[1.850s] -- Could NOT find USB_10 (missing: USB_10_LIBRARY USB_10_INCLUDE_DIR) 
[1.851s] -- OpenNI disabled because libusb-1.0 not found.
[1.854s] -- Checking for module 'libusb-1.0'
[1.857s] --   No package 'libusb-1.0' found
[1.860s] -- Could NOT find USB_10 (missing: USB_10_LIBRARY USB_10_INCLUDE_DIR) 
[1.860s] -- OpenNI 2 disabled because libusb-1.0 not found.
[1.870s] -- QHULL found (include: /usr/include, lib: optimized;/usr/lib/x86_64-linux-gnu/libqhull.so;debug;/usr/lib/x86_64-linux-gnu/libqhull.so)
[1.875s] -- Checking for module 'libusb-1.0'
[1.878s] --   No package 'libusb-1.0' found
[1.882s] -- Could NOT find USB_10 (missing: USB_10_LIBRARY USB_10_INCLUDE_DIR) 
[1.882s] -- OpenNI disabled because libusb-1.0 not found.
[2.151s] -- Found OpenCV: /usr (found version "4.2.0") 
[2.198s] -- Found ament_lint_auto: 0.9.7 (/opt/ros/foxy/share/ament_lint_auto/cmake)
[2.317s] -- Added test 'copyright' to check source files copyright and LICENSE
[2.318s] -- Added test 'cppcheck' to perform static code analysis on C / C++ code
[2.318s] -- Configured cppcheck include dirs: 
[2.318s] -- Configured cppcheck exclude dirs and/or files: 
[2.319s] -- Added test 'cpplint' to check C / C++ code against the Google style
[2.319s] -- Configured cpplint exclude dirs and/or files: 
[2.319s] -- Added test 'lint_cmake' to check CMake code style
[2.320s] -- Added test 'uncrustify' to check C / C++ code style
[2.320s] -- Configured uncrustify additional arguments: 
[2.320s] -- Added test 'xmllint' to check XML markup files
[2.323s] -- Configuring done
[2.378s] -- Generating done
[2.379s] -- Build files have been written to: /home/ulugbek/dev-ws/src/build/velodyne_subscriber
[2.392s] Invoked command in '/home/ulugbek/dev-ws/src/build/velodyne_subscriber' returned '0': CMAKE_PREFIX_PATH=${CMAKE_PREFIX_PATH}:/home/ulugbek/dev-ws/install/ros_tcp_endpoint:/opt/ros/foxy CONDA_PROMPT_MODIFIER=(base) /usr/bin/cmake /home/ulugbek/dev-ws/src/velodyne_subscriber -DCMAKE_INSTALL_PREFIX=/home/ulugbek/dev-ws/src/install/velodyne_subscriber
[2.395s] Invoking command in '/home/ulugbek/dev-ws/src/build/velodyne_subscriber': CMAKE_PREFIX_PATH=${CMAKE_PREFIX_PATH}:/home/ulugbek/dev-ws/install/ros_tcp_endpoint:/opt/ros/foxy CONDA_PROMPT_MODIFIER=(base) /usr/bin/cmake --build /home/ulugbek/dev-ws/src/build/velodyne_subscriber -- -j16 -l16
[2.434s] [35m[1mScanning dependencies of target velodyne_subscriber_node[0m
[2.539s] [ 50%] [32mBuilding CXX object CMakeFiles/velodyne_subscriber_node.dir/src/velodyne_subscriber_node.cpp.o[0m
[2.547s] [01m[K/home/ulugbek/dev-ws/src/velodyne_subscriber/src/velodyne_subscriber_node.cpp:1:10:[m[K [01;31m[Kfatal error: [m[Kros/ros.h: No such file or directory
[2.548s]     1 | #include [01;31m[K<ros/ros.h>[m[K
[2.548s]       |          [01;31m[K^~~~~~~~~~~[m[K
[2.548s] compilation terminated.
[2.548s] make[2]: *** [CMakeFiles/velodyne_subscriber_node.dir/build.make:63: CMakeFiles/velodyne_subscriber_node.dir/src/velodyne_subscriber_node.cpp.o] Error 1
[2.548s] make[1]: *** [CMakeFiles/Makefile2:78: CMakeFiles/velodyne_subscriber_node.dir/all] Error 2
[2.549s] make: *** [Makefile:141: all] Error 2
[2.552s] Invoked command in '/home/ulugbek/dev-ws/src/build/velodyne_subscriber' returned '2': CMAKE_PREFIX_PATH=${CMAKE_PREFIX_PATH}:/home/ulugbek/dev-ws/install/ros_tcp_endpoint:/opt/ros/foxy CONDA_PROMPT_MODIFIER=(base) /usr/bin/cmake --build /home/ulugbek/dev-ws/src/build/velodyne_subscriber -- -j16 -l16
