[0.315s] Invoking command in '/home/ulugbek/dev-ws/src/build/velodyne_subscriber': CMAKE_PREFIX_PATH=${CMAKE_PREFIX_PATH}:/home/ulugbek/dev-ws/install/ros_tcp_endpoint:/opt/ros/foxy CONDA_PROMPT_MODIFIER=(base) /usr/bin/cmake --build /home/ulugbek/dev-ws/src/build/velodyne_subscriber -- -j16 -l16
[0.344s] -- Found ament_cmake: 0.9.11 (/opt/ros/foxy/share/ament_cmake/cmake)
[0.387s] -- Using PYTHON_EXECUTABLE: /home/ulugbek/anaconda3/bin/python3
[0.650s] -- Found rclcpp: 2.4.2 (/opt/ros/foxy/share/rclcpp/cmake)
[0.687s] -- Using all available rosidl_typesupport_c: rosidl_typesupport_fastrtps_c;rosidl_typesupport_introspection_c
[0.694s] -- Found rosidl_adapter: 1.3.0 (/opt/ros/foxy/share/rosidl_adapter/cmake)
[0.802s] -- Using all available rosidl_typesupport_cpp: rosidl_typesupport_fastrtps_cpp;rosidl_typesupport_introspection_cpp
[0.842s] -- Found rmw_implementation_cmake: 1.0.3 (/opt/ros/foxy/share/rmw_implementation_cmake/cmake)
[0.843s] -- Using RMW implementation 'rmw_fastrtps_cpp' as default
[0.997s] -- Found sensor_msgs: 2.0.5 (/opt/ros/foxy/share/sensor_msgs/cmake)
[1.137s] -- Found pcl_conversions: 2.2.1 (/opt/ros/foxy/share/pcl_conversions/cmake)
[1.300s] -- Found pcl_ros: 2.2.1 (/opt/ros/foxy/share/pcl_ros/cmake)
[1.405s] -- Found eigen3_cmake_module: 0.1.1 (/opt/ros/foxy/share/eigen3_cmake_module/cmake)
[1.811s] -- Eigen found (include: /usr/include/eigen3, version: 3.3.7)
[1.891s] -- The imported target "vtkParseOGLExt" references the file
[1.892s]    "/usr/bin/vtkParseOGLExt-7.1"
[1.892s] but this file does not exist.  Possible reasons include:
[1.892s] * The file was deleted, renamed, or moved to another location.
[1.892s] * An install or uninstall procedure did not complete successfully.
[1.892s] * The installation package was faulty and contained
[1.892s]    "/usr/lib/cmake/vtk-7.1/VTKTargets.cmake"
[1.892s] but not all the files it references.
[1.893s] 
[1.893s] -- The imported target "vtkRenderingPythonTkWidgets" references the file
[1.893s]    "/usr/lib/x86_64-linux-gnu/libvtkRenderingPythonTkWidgets.so"
[1.893s] but this file does not exist.  Possible reasons include:
[1.893s] * The file was deleted, renamed, or moved to another location.
[1.893s] * An install or uninstall procedure did not complete successfully.
[1.893s] * The installation package was faulty and contained
[1.894s]    "/usr/lib/cmake/vtk-7.1/VTKTargets.cmake"
[1.894s] but not all the files it references.
[1.894s] 
[1.894s] -- The imported target "vtk" references the file
[1.894s]    "/usr/bin/vtk"
[1.894s] but this file does not exist.  Possible reasons include:
[1.894s] * The file was deleted, renamed, or moved to another location.
[1.895s] * An install or uninstall procedure did not complete successfully.
[1.895s] * The installation package was faulty and contained
[1.895s]    "/usr/lib/cmake/vtk-7.1/VTKTargets.cmake"
[1.895s] but not all the files it references.
[1.895s] 
[1.895s] -- The imported target "pvtk" references the file
[1.895s]    "/usr/bin/pvtk"
[1.895s] but this file does not exist.  Possible reasons include:
[1.896s] * The file was deleted, renamed, or moved to another location.
[1.896s] * An install or uninstall procedure did not complete successfully.
[1.896s] * The installation package was faulty and contained
[1.896s]    "/usr/lib/cmake/vtk-7.1/VTKTargets.cmake"
[1.896s] but not all the files it references.
[1.896s] 
[1.917s] -- Checking for module 'libusb-1.0'
[1.920s] --   No package 'libusb-1.0' found
[1.924s] -- Could NOT find USB_10 (missing: USB_10_LIBRARY USB_10_INCLUDE_DIR) 
[1.925s] -- OpenNI disabled because libusb-1.0 not found.
[1.930s] -- Checking for module 'libusb-1.0'
[1.933s] --   No package 'libusb-1.0' found
[1.937s] -- Could NOT find USB_10 (missing: USB_10_LIBRARY USB_10_INCLUDE_DIR) 
[1.937s] -- OpenNI 2 disabled because libusb-1.0 not found.
[1.952s] -- LIBUSB_1_LIBRARY (missing: LIBUSB_1_INCLUDE_DIR) 
[1.956s] -- Checking for module 'libusb-1.0'
[1.960s] --   No package 'libusb-1.0' found
[1.964s] -- Could NOT find USB_10 (missing: USB_10_LIBRARY USB_10_INCLUDE_DIR) 
[1.964s] -- OpenNI disabled because libusb-1.0 not found.
[1.968s] -- Checking for module 'libusb-1.0'
[1.971s] --   No package 'libusb-1.0' found
[1.975s] -- Could NOT find USB_10 (missing: USB_10_LIBRARY USB_10_INCLUDE_DIR) 
[1.975s] -- OpenNI 2 disabled because libusb-1.0 not found.
[1.987s] -- QHULL found (include: /usr/include, lib: optimized;/usr/lib/x86_64-linux-gnu/libqhull.so;debug;/usr/lib/x86_64-linux-gnu/libqhull.so)
[1.991s] -- Checking for module 'libusb-1.0'
[1.994s] --   No package 'libusb-1.0' found
[1.998s] -- Could NOT find USB_10 (missing: USB_10_LIBRARY USB_10_INCLUDE_DIR) 
[1.998s] -- OpenNI disabled because libusb-1.0 not found.
[2.300s] -- Found ament_lint_auto: 0.9.7 (/opt/ros/foxy/share/ament_lint_auto/cmake)
[2.431s] -- Added test 'copyright' to check source files copyright and LICENSE
[2.432s] -- Added test 'cppcheck' to perform static code analysis on C / C++ code
[2.433s] -- Configured cppcheck include dirs: 
[2.433s] -- Configured cppcheck exclude dirs and/or files: 
[2.434s] -- Added test 'cpplint' to check C / C++ code against the Google style
[2.434s] -- Configured cpplint exclude dirs and/or files: 
[2.435s] -- Added test 'lint_cmake' to check CMake code style
[2.436s] -- Added test 'uncrustify' to check C / C++ code style
[2.436s] -- Configured uncrustify additional arguments: 
[2.437s] -- Added test 'xmllint' to check XML markup files
[2.441s] -- Configuring done
[2.555s] -- Generating done
[2.557s] -- Build files have been written to: /home/ulugbek/dev-ws/src/build/velodyne_subscriber
[2.618s] [ 50%] [32mBuilding CXX object CMakeFiles/velodyne_subscriber_node.dir/src/velodyne_subscriber_node.cpp.o[0m
[2.717s] [01m[K/home/ulugbek/dev-ws/src/velodyne_subscriber/src/velodyne_subscriber_node.cpp:2:10:[m[K [01;31m[Kfatal error: [m[Ksensor_msgs/msg/PointCloud2.hpp: No such file or directory
[2.717s]     2 | #include [01;31m[K<sensor_msgs/msg/PointCloud2.hpp>[m[K
[2.717s]       |          [01;31m[K^~~~~~~~~~~~~~~~~~~~~~~~~~~~~~~~~[m[K
[2.717s] compilation terminated.
[2.719s] make[2]: *** [CMakeFiles/velodyne_subscriber_node.dir/build.make:63: CMakeFiles/velodyne_subscriber_node.dir/src/velodyne_subscriber_node.cpp.o] Error 1
[2.719s] make[1]: *** [CMakeFiles/Makefile2:78: CMakeFiles/velodyne_subscriber_node.dir/all] Error 2
[2.719s] make: *** [Makefile:141: all] Error 2
[2.722s] Invoked command in '/home/ulugbek/dev-ws/src/build/velodyne_subscriber' returned '2': CMAKE_PREFIX_PATH=${CMAKE_PREFIX_PATH}:/home/ulugbek/dev-ws/install/ros_tcp_endpoint:/opt/ros/foxy CONDA_PROMPT_MODIFIER=(base) /usr/bin/cmake --build /home/ulugbek/dev-ws/src/build/velodyne_subscriber -- -j16 -l16
