[0.022s] Invoking command in '/home/ulugbek/dev-ws/src/build/velodyne_subscriber': CMAKE_PREFIX_PATH=${CMAKE_PREFIX_PATH}:/home/ulugbek/dev-ws/src/install/ros_tcp_endpoint:/home/ulugbek/dev-ws/install/ros_tcp_endpoint:/opt/ros/foxy CONDA_PROMPT_MODIFIER=(base) /usr/bin/cmake /home/ulugbek/dev-ws/src/velodyne_subscriber -DAMENT_CMAKE_SYMLINK_INSTALL=1 -DCMAKE_INSTALL_PREFIX=/home/ulugbek/dev-ws/src/install/velodyne_subscriber
[0.095s] -- The C compiler identification is GNU 9.4.0
[0.165s] -- The CXX compiler identification is GNU 9.4.0
[0.171s] -- Check for working C compiler: /usr/bin/cc
[0.266s] -- Check for working C compiler: /usr/bin/cc -- works
[0.268s] -- Detecting C compiler ABI info
[0.360s] -- Detecting C compiler ABI info - done
[0.374s] -- Detecting C compile features
[0.374s] -- Detecting C compile features - done
[0.375s] -- Check for working CXX compiler: /usr/bin/c++
[0.473s] -- Check for working CXX compiler: /usr/bin/c++ -- works
[0.474s] -- Detecting CXX compiler ABI info
[0.562s] -- Detecting CXX compiler ABI info - done
[0.570s] -- Detecting CXX compile features
[0.571s] -- Detecting CXX compile features - done
[0.573s] -- Found ament_cmake: 0.9.11 (/opt/ros/foxy/share/ament_cmake/cmake)
[0.605s] -- Found PythonInterp: /home/ulugbek/anaconda3/bin/python3 (found suitable version "3.9.12", minimum required is "3") 
[0.605s] -- Using PYTHON_EXECUTABLE: /home/ulugbek/anaconda3/bin/python3
[0.784s] -- Override CMake install command with custom implementation using symlinks instead of copying resources
[0.811s] -- Found rclcpp: 2.4.2 (/opt/ros/foxy/share/rclcpp/cmake)
[0.848s] -- Using all available rosidl_typesupport_c: rosidl_typesupport_fastrtps_c;rosidl_typesupport_introspection_c
[0.856s] -- Found rosidl_adapter: 1.3.0 (/opt/ros/foxy/share/rosidl_adapter/cmake)
[0.950s] -- Found OpenSSL: /usr/lib/x86_64-linux-gnu/libcrypto.so (found version "1.1.1f")  
[0.971s] -- Found FastRTPS: /opt/ros/foxy/include  
[1.029s] -- Using all available rosidl_typesupport_cpp: rosidl_typesupport_fastrtps_cpp;rosidl_typesupport_introspection_cpp
[1.074s] -- Found rmw_implementation_cmake: 1.0.3 (/opt/ros/foxy/share/rmw_implementation_cmake/cmake)
[1.075s] -- Using RMW implementation 'rmw_fastrtps_cpp' as default
[1.076s] -- Looking for pthread.h
[1.151s] -- Looking for pthread.h - found
[1.151s] -- Performing Test CMAKE_HAVE_LIBC_PTHREAD
[1.235s] -- Performing Test CMAKE_HAVE_LIBC_PTHREAD - Failed
[1.236s] -- Looking for pthread_create in pthreads
[1.317s] -- Looking for pthread_create in pthreads - not found
[1.317s] -- Looking for pthread_create in pthread
[1.398s] -- Looking for pthread_create in pthread - found
[1.400s] -- Found Threads: TRUE  
[1.519s] -- Found sensor_msgs: 2.0.5 (/opt/ros/foxy/share/sensor_msgs/cmake)
[1.606s] -- Found pcl_conversions: 2.2.1 (/opt/ros/foxy/share/pcl_conversions/cmake)
[1.730s] -- Found pcl_ros: 2.2.1 (/opt/ros/foxy/share/pcl_ros/cmake)
[1.801s] -- Found eigen3_cmake_module: 0.1.1 (/opt/ros/foxy/share/eigen3_cmake_module/cmake)
[1.804s] -- Found Eigen3: TRUE (found version "3.3.7") 
[2.104s] -- Checking for module 'eigen3'
[2.117s] --   Found eigen3, version 3.3.7
[2.139s] -- Found Eigen: /usr/include/eigen3 (Required is at least version "3.1") 
[2.140s] -- Eigen found (include: /usr/include/eigen3, version: 3.3.7)
[2.201s] -- Checking for module 'flann'
[2.218s] --   Found flann, version 1.9.1
[2.287s] -- Found FLANN: /usr/lib/x86_64-linux-gnu/libflann_cpp.so  
[2.326s] -- The imported target "vtkParseOGLExt" references the file
[2.326s]    "/usr/bin/vtkParseOGLExt-7.1"
[2.326s] but this file does not exist.  Possible reasons include:
[2.326s] * The file was deleted, renamed, or moved to another location.
[2.326s] * An install or uninstall procedure did not complete successfully.
[2.326s] * The installation package was faulty and contained
[2.326s]    "/usr/lib/cmake/vtk-7.1/VTKTargets.cmake"
[2.326s] but not all the files it references.
[2.327s] 
[2.327s] -- The imported target "vtkRenderingPythonTkWidgets" references the file
[2.327s]    "/usr/lib/x86_64-linux-gnu/libvtkRenderingPythonTkWidgets.so"
[2.327s] but this file does not exist.  Possible reasons include:
[2.327s] * The file was deleted, renamed, or moved to another location.
[2.327s] * An install or uninstall procedure did not complete successfully.
[2.327s] * The installation package was faulty and contained
[2.327s]    "/usr/lib/cmake/vtk-7.1/VTKTargets.cmake"
[2.327s] but not all the files it references.
[2.327s] 
[2.327s] -- The imported target "vtk" references the file
[2.328s]    "/usr/bin/vtk"
[2.328s] but this file does not exist.  Possible reasons include:
[2.328s] * The file was deleted, renamed, or moved to another location.
[2.328s] * An install or uninstall procedure did not complete successfully.
[2.328s] * The installation package was faulty and contained
[2.328s]    "/usr/lib/cmake/vtk-7.1/VTKTargets.cmake"
[2.328s] but not all the files it references.
[2.328s] 
[2.328s] -- The imported target "pvtk" references the file
[2.328s]    "/usr/bin/pvtk"
[2.328s] but this file does not exist.  Possible reasons include:
[2.328s] * The file was deleted, renamed, or moved to another location.
[2.328s] * An install or uninstall procedure did not complete successfully.
[2.328s] * The installation package was faulty and contained
[2.328s]    "/usr/lib/cmake/vtk-7.1/VTKTargets.cmake"
[2.328s] but not all the files it references.
[2.328s] 
[2.343s] -- Checking for module 'libusb-1.0'
[2.347s] --   No package 'libusb-1.0' found
[2.350s] -- Could NOT find USB_10 (missing: USB_10_LIBRARY USB_10_INCLUDE_DIR) 
[2.351s] -- OpenNI disabled because libusb-1.0 not found.
[2.354s] -- Checking for module 'libusb-1.0'
[2.358s] --   No package 'libusb-1.0' found
[2.361s] -- Could NOT find USB_10 (missing: USB_10_LIBRARY USB_10_INCLUDE_DIR) 
[2.361s] -- OpenNI 2 disabled because libusb-1.0 not found.
[2.370s] -- LIBUSB_1_LIBRARY (missing: LIBUSB_1_INCLUDE_DIR) 
[2.374s] -- Checking for module 'libusb-1.0'
[2.376s] --   No package 'libusb-1.0' found
[2.378s] -- Could NOT find USB_10 (missing: USB_10_LIBRARY USB_10_INCLUDE_DIR) 
[2.378s] -- OpenNI disabled because libusb-1.0 not found.
[2.381s] -- Checking for module 'libusb-1.0'
[2.383s] --   No package 'libusb-1.0' found
[2.386s] -- Could NOT find USB_10 (missing: USB_10_LIBRARY USB_10_INCLUDE_DIR) 
[2.386s] -- OpenNI 2 disabled because libusb-1.0 not found.
[2.405s] -- Found Qhull: optimized;/usr/lib/x86_64-linux-gnu/libqhull.so;debug;/usr/lib/x86_64-linux-gnu/libqhull.so  
[2.405s] -- QHULL found (include: /usr/include, lib: optimized;/usr/lib/x86_64-linux-gnu/libqhull.so;debug;/usr/lib/x86_64-linux-gnu/libqhull.so)
[2.411s] -- Checking for module 'libusb-1.0'
[2.415s] --   No package 'libusb-1.0' found
[2.418s] -- Could NOT find USB_10 (missing: USB_10_LIBRARY USB_10_INCLUDE_DIR) 
[2.418s] -- OpenNI disabled because libusb-1.0 not found.
[2.427s] -- Found PCL_COMMON: /usr/lib/x86_64-linux-gnu/libpcl_common.so  
[2.427s] -- Found PCL_KDTREE: /usr/lib/x86_64-linux-gnu/libpcl_kdtree.so  
[2.428s] -- Found PCL_OCTREE: /usr/lib/x86_64-linux-gnu/libpcl_octree.so  
[2.429s] -- Found PCL_SEARCH: /usr/lib/x86_64-linux-gnu/libpcl_search.so  
[2.430s] -- Found PCL_SAMPLE_CONSENSUS: /usr/lib/x86_64-linux-gnu/libpcl_sample_consensus.so  
[2.431s] -- Found PCL_FILTERS: /usr/lib/x86_64-linux-gnu/libpcl_filters.so  
[2.431s] -- Found PCL_2D: /usr/include/pcl-1.10  
[2.432s] -- Found PCL_GEOMETRY: /usr/include/pcl-1.10  
[2.433s] -- Found PCL_IO: /usr/lib/x86_64-linux-gnu/libpcl_io.so  
[2.434s] -- Found PCL_FEATURES: /usr/lib/x86_64-linux-gnu/libpcl_features.so  
[2.435s] -- Found PCL_ML: /usr/lib/x86_64-linux-gnu/libpcl_ml.so  
[2.435s] -- Found PCL_SEGMENTATION: /usr/lib/x86_64-linux-gnu/libpcl_segmentation.so  
[2.436s] -- Found PCL_VISUALIZATION: /usr/lib/x86_64-linux-gnu/libpcl_visualization.so  
[2.437s] -- Found PCL_SURFACE: /usr/lib/x86_64-linux-gnu/libpcl_surface.so  
[2.438s] -- Found PCL_REGISTRATION: /usr/lib/x86_64-linux-gnu/libpcl_registration.so  
[2.439s] -- Found PCL_KEYPOINTS: /usr/lib/x86_64-linux-gnu/libpcl_keypoints.so  
[2.441s] -- Found PCL_TRACKING: /usr/lib/x86_64-linux-gnu/libpcl_tracking.so  
[2.442s] -- Found PCL_RECOGNITION: /usr/lib/x86_64-linux-gnu/libpcl_recognition.so  
[2.443s] -- Found PCL_STEREO: /usr/lib/x86_64-linux-gnu/libpcl_stereo.so  
[2.444s] -- Found PCL_APPS: /usr/lib/x86_64-linux-gnu/libpcl_apps.so  
[2.444s] -- Found PCL_IN_HAND_SCANNER: /usr/include/pcl-1.10  
[2.445s] -- Found PCL_POINT_CLOUD_EDITOR: /usr/include/pcl-1.10  
[2.446s] -- Found PCL_OUTOFCORE: /usr/lib/x86_64-linux-gnu/libpcl_outofcore.so  
[2.446s] -- Found PCL_PEOPLE: /usr/lib/x86_64-linux-gnu/libpcl_people.so  
[2.645s] -- Found OpenCV: /usr (found version "4.2.0") 
[2.686s] -- Found ament_lint_auto: 0.9.7 (/opt/ros/foxy/share/ament_lint_auto/cmake)
[2.794s] -- Added test 'copyright' to check source files copyright and LICENSE
[2.795s] -- Added test 'cppcheck' to perform static code analysis on C / C++ code
[2.795s] -- Configured cppcheck include dirs: 
[2.795s] -- Configured cppcheck exclude dirs and/or files: 
[2.796s] -- Added test 'cpplint' to check C / C++ code against the Google style
[2.796s] -- Configured cpplint exclude dirs and/or files: 
[2.796s] -- Added test 'lint_cmake' to check CMake code style
[2.797s] -- Added test 'uncrustify' to check C / C++ code style
[2.797s] -- Configured uncrustify additional arguments: 
[2.797s] -- Added test 'xmllint' to check XML markup files
[2.800s] -- Configuring done
[2.829s] -- Generating done
[2.831s] -- Build files have been written to: /home/ulugbek/dev-ws/src/build/velodyne_subscriber
[2.843s] Invoked command in '/home/ulugbek/dev-ws/src/build/velodyne_subscriber' returned '0': CMAKE_PREFIX_PATH=${CMAKE_PREFIX_PATH}:/home/ulugbek/dev-ws/src/install/ros_tcp_endpoint:/home/ulugbek/dev-ws/install/ros_tcp_endpoint:/opt/ros/foxy CONDA_PROMPT_MODIFIER=(base) /usr/bin/cmake /home/ulugbek/dev-ws/src/velodyne_subscriber -DAMENT_CMAKE_SYMLINK_INSTALL=1 -DCMAKE_INSTALL_PREFIX=/home/ulugbek/dev-ws/src/install/velodyne_subscriber
[2.845s] Invoking command in '/home/ulugbek/dev-ws/src/build/velodyne_subscriber': CMAKE_PREFIX_PATH=${CMAKE_PREFIX_PATH}:/home/ulugbek/dev-ws/src/install/ros_tcp_endpoint:/home/ulugbek/dev-ws/install/ros_tcp_endpoint:/opt/ros/foxy CONDA_PROMPT_MODIFIER=(base) /usr/bin/cmake --build /home/ulugbek/dev-ws/src/build/velodyne_subscriber -- -j16 -l16
[2.901s] [35m[1mScanning dependencies of target velodyne_subscriber_node[0m
[2.932s] [ 50%] [32mBuilding CXX object CMakeFiles/velodyne_subscriber_node.dir/src/velodyne_subscriber_node.cpp.o[0m
[3.005s] [01m[K/home/ulugbek/dev-ws/src/velodyne_subscriber/src/velodyne_subscriber_node.cpp:2:10:[m[K [01;31m[Kfatal error: [m[Ksensor_msgs/msg/PointCloud2.hpp: No such file or directory
[3.005s]     2 | #include [01;31m[K<sensor_msgs/msg/PointCloud2.hpp>[m[K
[3.005s]       |          [01;31m[K^~~~~~~~~~~~~~~~~~~~~~~~~~~~~~~~~[m[K
[3.006s] compilation terminated.
[3.008s] make[2]: *** [CMakeFiles/velodyne_subscriber_node.dir/build.make:63: CMakeFiles/velodyne_subscriber_node.dir/src/velodyne_subscriber_node.cpp.o] Error 1
[3.009s] make[1]: *** [CMakeFiles/Makefile2:78: CMakeFiles/velodyne_subscriber_node.dir/all] Error 2
[3.009s] make: *** [Makefile:141: all] Error 2
[3.011s] Invoked command in '/home/ulugbek/dev-ws/src/build/velodyne_subscriber' returned '2': CMAKE_PREFIX_PATH=${CMAKE_PREFIX_PATH}:/home/ulugbek/dev-ws/src/install/ros_tcp_endpoint:/home/ulugbek/dev-ws/install/ros_tcp_endpoint:/opt/ros/foxy CONDA_PROMPT_MODIFIER=(base) /usr/bin/cmake --build /home/ulugbek/dev-ws/src/build/velodyne_subscriber -- -j16 -l16
