[0.047s] Invoking command in '/home/ulugbek/dev-ws/src/build/velodyne_pointcloud': AMENT_PREFIX_PATH=/home/ulugbek/dev-ws/src/install/velodyne_msgs:${AMENT_PREFIX_PATH} CMAKE_PREFIX_PATH=/home/ulugbek/dev-ws/src/install/velodyne_msgs:/home/ulugbek/dev-ws/install/velodyne:/home/ulugbek/dev-ws/install/velodyne_pointcloud:/home/ulugbek/dev-ws/install/velodyne_driver:/home/ulugbek/dev-ws/install/velodyne_msgs:/home/ulugbek/dev-ws/install/velodyne_laserscan:/home/ulugbek/dev-ws/install/safe_landing:/home/ulugbek/dev-ws/install/my_package:/home/ulugbek/dev-ws/install/feature_extraction:/home/ulugbek/dev-ws/install/altitude_publisher:/home/ulugbek/dev-ws/install/ros_tcp_endpoint:/opt/ros/foxy CONDA_PROMPT_MODIFIER=(base) LD_LIBRARY_PATH=/home/ulugbek/dev-ws/src/install/velodyne_msgs/lib:${LD_LIBRARY_PATH} PYTHONPATH=/home/ulugbek/dev-ws/src/install/velodyne_msgs/lib/python3.9/site-packages:${PYTHONPATH} /usr/bin/cmake --build /home/ulugbek/dev-ws/src/build/velodyne_pointcloud -- -j16 -l16
[0.086s] [35m[1mScanning dependencies of target gtest[0m
[0.087s] [35m[1mScanning dependencies of target gtest_main[0m
[0.088s] [35m[1mScanning dependencies of target velodyne_rawdata[0m
[0.091s] [35m[1mScanning dependencies of target velodyne_cloud_types[0m
[0.103s] [  5%] [32mBuilding CXX object gtest/CMakeFiles/gtest_main.dir/src/gtest_main.cc.o[0m
[0.104s] [ 11%] [32mBuilding CXX object gtest/CMakeFiles/gtest.dir/src/gtest-all.cc.o[0m
[0.161s] [ 16%] [32mBuilding CXX object src/lib/CMakeFiles/velodyne_rawdata.dir/calibration.cpp.o[0m
[0.161s] [ 22%] [32mBuilding CXX object src/lib/CMakeFiles/velodyne_rawdata.dir/rawdata.cpp.o[0m
[0.210s] [ 33%] [32mBuilding CXX object src/lib/CMakeFiles/velodyne_cloud_types.dir/organized_cloudXYZIRT.cpp.o[0m
[0.210s] [ 33%] [32mBuilding CXX object src/lib/CMakeFiles/velodyne_cloud_types.dir/pointcloudXYZIRT.cpp.o[0m
[0.827s] [ 38%] [32m[1mLinking CXX static library libgtest_main.a[0m
[0.862s] [ 38%] Built target gtest_main
[3.099s] [ 44%] [32m[1mLinking CXX static library libgtest.a[0m
[3.151s] [ 44%] Built target gtest
[3.162s] [35m[1mScanning dependencies of target test_row_step[0m
[3.234s] [ 50%] [32mBuilding CXX object tests/CMakeFiles/test_row_step.dir/test_row_step.cpp.o[0m
[3.503s] [ 55%] [32m[1mLinking CXX shared library libvelodyne_rawdata.so[0m
[3.654s] [ 55%] Built target velodyne_rawdata
[3.666s] [35m[1mScanning dependencies of target test_calibration[0m
[3.683s] [ 61%] [32mBuilding CXX object tests/CMakeFiles/test_calibration.dir/test_calibration.cpp.o[0m
[4.113s] [ 66%] [32m[1mLinking CXX shared library libvelodyne_cloud_types.so[0m
[4.225s] [ 66%] Built target velodyne_cloud_types
[4.236s] [35m[1mScanning dependencies of target transform[0m
[4.303s] [ 72%] [32mBuilding CXX object CMakeFiles/transform.dir/src/conversions/transform.cpp.o[0m
[4.467s] [ 77%] [32m[1mLinking CXX executable test_calibration[0m
[4.661s] [ 77%] Built target test_calibration
[6.443s] [ 83%] [32m[1mLinking CXX executable test_row_step[0m
[6.608s] [ 83%] Built target test_row_step
[9.126s] make[2]: *** [CMakeFiles/transform.dir/build.make:63: CMakeFiles/transform.dir/src/conversions/transform.cpp.o] Interrupt
[9.127s] make[1]: *** [CMakeFiles/Makefile2:176: CMakeFiles/transform.dir/all] Interrupt
[9.127s] make: *** [Makefile:141: all] Interrupt
