-- Found ament_cmake: 0.9.11 (/opt/ros/foxy/share/ament_cmake/cmake)
-- Using PYTHON_EXECUTABLE: /home/ulugbek/anaconda3/bin/python3
-- Found rclcpp: 2.4.2 (/opt/ros/foxy/share/rclcpp/cmake)
-- Using all available rosidl_typesupport_c: rosidl_typesupport_fastrtps_c;rosidl_typesupport_introspection_c
-- Found rosidl_adapter: 1.3.0 (/opt/ros/foxy/share/rosidl_adapter/cmake)
-- Using all available rosidl_typesupport_cpp: rosidl_typesupport_fastrtps_cpp;rosidl_typesupport_introspection_cpp
-- Found rmw_implementation_cmake: 1.0.3 (/opt/ros/foxy/share/rmw_implementation_cmake/cmake)
-- Using RMW implementation 'rmw_fastrtps_cpp' as default
-- Found tf2_ros: 0.13.13 (/opt/ros/foxy/share/tf2_ros/cmake)
-- Found tf2_sensor_msgs: 0.13.13 (/opt/ros/foxy/share/tf2_sensor_msgs/cmake)
-- Found ament_lint_auto: 0.9.7 (/opt/ros/foxy/share/ament_lint_auto/cmake)
-- Added test 'copyright' to check source files copyright and LICENSE
-- Added test 'cppcheck' to perform static code analysis on C / C++ code
-- Configured cppcheck include dirs: 
-- Configured cppcheck exclude dirs and/or files: 
-- Added test 'cpplint' to check C / C++ code against the Google style
-- Configured cpplint exclude dirs and/or files: 
-- Added test 'lint_cmake' to check CMake code style
-- Added test 'uncrustify' to check C / C++ code style
-- Configured uncrustify additional arguments: 
-- Added test 'xmllint' to check XML markup files
-- Configuring done
-- Generating done
-- Build files have been written to: /home/ulugbek/dev-ws/src/build/static_tf_publisher
[35m[1mScanning dependencies of target static_tf_publisher_node[0m
[ 50%] [32mBuilding CXX object CMakeFiles/static_tf_publisher_node.dir/src/static_tf_publisher_node.cpp.o[0m
[01m[K/home/ulugbek/dev-ws/src/static_tf_publisher/src/static_tf_publisher_node.cpp:9:8:[m[K [01;31m[Kerror: [m[Kâ€˜[01m[Ks[m[Kâ€™ does not name a type
    9 | public:[01;31m[Ks[m[K
      |        [01;31m[K^[m[K
[01m[K/home/ulugbek/dev-ws/src/static_tf_publisher/src/static_tf_publisher_node.cpp:[m[K In member function â€˜[01m[Kvoid StaticTfPublisher::pointCloudCallback(sensor_msgs::msg::PointCloud2_<std::allocator<void> >::SharedPtr)[m[Kâ€™:
[01m[K/home/ulugbek/dev-ws/src/static_tf_publisher/src/static_tf_publisher_node.cpp:41:5:[m[K [01;31m[Kerror: [m[Kâ€˜[01m[Ktf2_sensor_msgs[m[Kâ€™ has not been declared
   41 |     [01;31m[Ktf2_sensor_msgs[m[K::doTransform(*msg, transformed_cloud, transform_);
      |     [01;31m[K^~~~~~~~~~~~~~~[m[K
In file included from [01m[K/usr/include/x86_64-linux-gnu/c++/9/bits/c++allocator.h:33[m[K,
                 from [01m[K/usr/include/c++/9/bits/allocator.h:46[m[K,
                 from [01m[K/usr/include/c++/9/memory:63[m[K,
                 from [01m[K/opt/ros/foxy/include/rclcpp/rclcpp.hpp:144[m[K,
                 from [01m[K/home/ulugbek/dev-ws/src/static_tf_publisher/src/static_tf_publisher_node.cpp:1[m[K:
/usr/include/c++/9/ext/new_allocator.h: In instantiation of â€˜[01m[Kvoid __gnu_cxx::new_allocator<_Tp>::construct(_Up*, _Args&& ...) [with _Up = StaticTfPublisher; _Args = {}; _Tp = StaticTfPublisher][m[Kâ€™:
[01m[K/usr/include/c++/9/bits/alloc_traits.h:483:4:[m[K   required from â€˜[01m[Kstatic void std::allocator_traits<std::allocator<_Tp1> >::construct(std::allocator_traits<std::allocator<_Tp1> >::allocator_type&, _Up*, _Args&& ...) [with _Up = StaticTfPublisher; _Args = {}; _Tp = StaticTfPublisher; std::allocator_traits<std::allocator<_Tp1> >::allocator_type = std::allocator<StaticTfPublisher>][m[Kâ€™
[01m[K/usr/include/c++/9/bits/shared_ptr_base.h:548:39:[m[K   required from â€˜[01m[Kstd::_Sp_counted_ptr_inplace<_Tp, _Alloc, _Lp>::_Sp_counted_ptr_inplace(_Alloc, _Args&& ...) [with _Args = {}; _Tp = StaticTfPublisher; _Alloc = std::allocator<StaticTfPublisher>; __gnu_cxx::_Lock_policy _Lp = __gnu_cxx::_S_atomic][m[Kâ€™
[01m[K/usr/include/c++/9/bits/shared_ptr_base.h:679:16:[m[K   required from â€˜[01m[Kstd::__shared_count<_Lp>::__shared_count(_Tp*&, std::_Sp_alloc_shared_tag<_Alloc>, _Args&& ...) [with _Tp = StaticTfPublisher; _Alloc = std::allocator<StaticTfPublisher>; _Args = {}; __gnu_cxx::_Lock_policy _Lp = __gnu_cxx::_S_atomic][m[Kâ€™
[01m[K/usr/include/c++/9/bits/shared_ptr_base.h:1344:71:[m[K   required from â€˜[01m[Kstd::__shared_ptr<_Tp, _Lp>::__shared_ptr(std::_Sp_alloc_shared_tag<_Tp>, _Args&& ...) [with _Alloc = std::allocator<StaticTfPublisher>; _Args = {}; _Tp = StaticTfPublisher; __gnu_cxx::_Lock_policy _Lp = __gnu_cxx::_S_atomic][m[Kâ€™
[01m[K/usr/include/c++/9/bits/shared_ptr.h:359:59:[m[K   required from â€˜[01m[Kstd::shared_ptr<_Tp>::shared_ptr(std::_Sp_alloc_shared_tag<_Tp>, _Args&& ...) [with _Alloc = std::allocator<StaticTfPublisher>; _Args = {}; _Tp = StaticTfPublisher][m[Kâ€™
[01m[K/usr/include/c++/9/bits/shared_ptr.h:701:14:[m[K   required from â€˜[01m[Kstd::shared_ptr<_Tp> std::allocate_shared(const _Alloc&, _Args&& ...) [with _Tp = StaticTfPublisher; _Alloc = std::allocator<StaticTfPublisher>; _Args = {}][m[Kâ€™
[01m[K/usr/include/c++/9/bits/shared_ptr.h:717:39:[m[K   required from â€˜[01m[Kstd::shared_ptr<_Tp> std::make_shared(_Args&& ...) [with _Tp = StaticTfPublisher; _Args = {}][m[Kâ€™
[01m[K/home/ulugbek/dev-ws/src/static_tf_publisher/src/static_tf_publisher_node.cpp:58:52:[m[K   required from here
[01m[K/usr/include/c++/9/ext/new_allocator.h:146:4:[m[K [01;31m[Kerror: [m[Kuse of deleted function â€˜[01m[KStaticTfPublisher::StaticTfPublisher()[m[Kâ€™
  146 |  { [01;31m[K::new((void *)__p) _Up(std::forward<_Args>(__args)...)[m[K; }
      |    [01;31m[K^~~~~~~~~~~~~~~~~~~~~~~~~~~~~~~~~~~~~~~~~~~~~~~~~~~~~~[m[K
[01m[K/home/ulugbek/dev-ws/src/static_tf_publisher/src/static_tf_publisher_node.cpp:7:7:[m[K [01;36m[Knote: [m[Kâ€˜[01m[KStaticTfPublisher::StaticTfPublisher()[m[Kâ€™ is implicitly deleted because the default definition would be ill-formed:
    7 | class [01;36m[KStaticTfPublisher[m[K : public rclcpp::Node
      |       [01;36m[K^~~~~~~~~~~~~~~~~[m[K
[01m[K/home/ulugbek/dev-ws/src/static_tf_publisher/src/static_tf_publisher_node.cpp:7:7:[m[K [01;31m[Kerror: [m[Kno matching function for call to â€˜[01m[Krclcpp::Node::Node()[m[Kâ€™
In file included from [01m[K/opt/ros/foxy/include/rclcpp/executors/single_threaded_executor.hpp:28[m[K,
                 from [01m[K/opt/ros/foxy/include/rclcpp/executors.hpp:22[m[K,
                 from [01m[K/opt/ros/foxy/include/rclcpp/rclcpp.hpp:146[m[K,
                 from [01m[K/home/ulugbek/dev-ws/src/static_tf_publisher/src/static_tf_publisher_node.cpp:1[m[K:
[01m[K/opt/ros/foxy/include/rclcpp/node.hpp:1193:3:[m[K [01;36m[Knote: [m[Kcandidate: â€˜[01m[Krclcpp::Node::Node(const rclcpp::Node&, const string&)[m[Kâ€™
 1193 |   [01;36m[KNode[m[K(
      |   [01;36m[K^~~~[m[K
[01m[K/opt/ros/foxy/include/rclcpp/node.hpp:1193:3:[m[K [01;36m[Knote: [m[K  candidate expects 2 arguments, 0 provided
[01m[K/opt/ros/foxy/include/rclcpp/node.hpp:98:12:[m[K [01;36m[Knote: [m[Kcandidate: â€˜[01m[Krclcpp::Node::Node(const string&, const string&, const rclcpp::NodeOptions&)[m[Kâ€™
   98 |   explicit [01;36m[KNode[m[K(
      |            [01;36m[K^~~~[m[K
[01m[K/opt/ros/foxy/include/rclcpp/node.hpp:98:12:[m[K [01;36m[Knote: [m[K  candidate expects 3 arguments, 0 provided
[01m[K/opt/ros/foxy/include/rclcpp/node.hpp:86:12:[m[K [01;36m[Knote: [m[Kcandidate: â€˜[01m[Krclcpp::Node::Node(const string&, const rclcpp::NodeOptions&)[m[Kâ€™
   86 |   explicit [01;36m[KNode[m[K(
      |            [01;36m[K^~~~[m[K
[01m[K/opt/ros/foxy/include/rclcpp/node.hpp:86:12:[m[K [01;36m[Knote: [m[K  candidate expects 2 arguments, 0 provided
make[2]: *** [CMakeFiles/static_tf_publisher_node.dir/build.make:63: CMakeFiles/static_tf_publisher_node.dir/src/static_tf_publisher_node.cpp.o] Error 1
make[1]: *** [CMakeFiles/Makefile2:78: CMakeFiles/static_tf_publisher_node.dir/all] Error 2
make: *** [Makefile:141: all] Error 2
