[0.216s] Invoking command in '/home/ulugbek/dev-ws/src/build/static_tf_publisher': CMAKE_PREFIX_PATH=/opt/ros/foxy CONDA_PROMPT_MODIFIER=(base) /usr/bin/cmake /home/ulugbek/dev-ws/src/static_tf_publisher -DCMAKE_INSTALL_PREFIX=/home/ulugbek/dev-ws/src/install/static_tf_publisher
[0.224s] -- Found ament_cmake: 0.9.11 (/opt/ros/foxy/share/ament_cmake/cmake)
[0.250s] -- Using PYTHON_EXECUTABLE: /home/ulugbek/anaconda3/bin/python3
[0.502s] -- Found rclcpp: 2.4.2 (/opt/ros/foxy/share/rclcpp/cmake)
[0.540s] -- Using all available rosidl_typesupport_c: rosidl_typesupport_fastrtps_c;rosidl_typesupport_introspection_c
[0.540s] -- Found rosidl_adapter: 1.3.0 (/opt/ros/foxy/share/rosidl_adapter/cmake)
[0.649s] -- Using all available rosidl_typesupport_cpp: rosidl_typesupport_fastrtps_cpp;rosidl_typesupport_introspection_cpp
[0.687s] -- Found rmw_implementation_cmake: 1.0.3 (/opt/ros/foxy/share/rmw_implementation_cmake/cmake)
[0.687s] -- Using RMW implementation 'rmw_fastrtps_cpp' as default
[0.830s] -- Found tf2_ros: 0.13.13 (/opt/ros/foxy/share/tf2_ros/cmake)
[1.257s] -- Found tf2_sensor_msgs: 0.13.13 (/opt/ros/foxy/share/tf2_sensor_msgs/cmake)
[1.371s] -- Found ament_lint_auto: 0.9.7 (/opt/ros/foxy/share/ament_lint_auto/cmake)
[1.481s] -- Added test 'copyright' to check source files copyright and LICENSE
[1.482s] -- Added test 'cppcheck' to perform static code analysis on C / C++ code
[1.482s] -- Configured cppcheck include dirs: 
[1.482s] -- Configured cppcheck exclude dirs and/or files: 
[1.483s] -- Added test 'cpplint' to check C / C++ code against the Google style
[1.483s] -- Configured cpplint exclude dirs and/or files: 
[1.483s] -- Added test 'lint_cmake' to check CMake code style
[1.484s] -- Added test 'uncrustify' to check C / C++ code style
[1.484s] -- Configured uncrustify additional arguments: 
[1.484s] -- Added test 'xmllint' to check XML markup files
[1.495s] -- Configuring done
[1.509s] -- Generating done
[1.510s] -- Build files have been written to: /home/ulugbek/dev-ws/src/build/static_tf_publisher
[1.517s] Invoked command in '/home/ulugbek/dev-ws/src/build/static_tf_publisher' returned '0': CMAKE_PREFIX_PATH=/opt/ros/foxy CONDA_PROMPT_MODIFIER=(base) /usr/bin/cmake /home/ulugbek/dev-ws/src/static_tf_publisher -DCMAKE_INSTALL_PREFIX=/home/ulugbek/dev-ws/src/install/static_tf_publisher
[1.520s] Invoking command in '/home/ulugbek/dev-ws/src/build/static_tf_publisher': CMAKE_PREFIX_PATH=/opt/ros/foxy CONDA_PROMPT_MODIFIER=(base) /usr/bin/cmake --build /home/ulugbek/dev-ws/src/build/static_tf_publisher -- -j16 -l16
[1.558s] [35m[1mScanning dependencies of target static_tf_publisher_node[0m
[1.661s] [ 50%] [32mBuilding CXX object CMakeFiles/static_tf_publisher_node.dir/src/static_tf_publisher_node.cpp.o[0m
[3.365s] [01m[K/home/ulugbek/dev-ws/src/static_tf_publisher/src/static_tf_publisher_node.cpp:9:8:[m[K [01;31m[Kerror: [m[Kâ€˜[01m[Ks[m[Kâ€™ does not name a type
[3.365s]     9 | public:[01;31m[Ks[m[K
[3.366s]       |        [01;31m[K^[m[K
[3.394s] [01m[K/home/ulugbek/dev-ws/src/static_tf_publisher/src/static_tf_publisher_node.cpp:[m[K In member function â€˜[01m[Kvoid StaticTfPublisher::pointCloudCallback(sensor_msgs::msg::PointCloud2_<std::allocator<void> >::SharedPtr)[m[Kâ€™:
[3.394s] [01m[K/home/ulugbek/dev-ws/src/static_tf_publisher/src/static_tf_publisher_node.cpp:41:5:[m[K [01;31m[Kerror: [m[Kâ€˜[01m[Ktf2_sensor_msgs[m[Kâ€™ has not been declared
[3.394s]    41 |     [01;31m[Ktf2_sensor_msgs[m[K::doTransform(*msg, transformed_cloud, transform_);
[3.394s]       |     [01;31m[K^~~~~~~~~~~~~~~[m[K
[3.975s] In file included from [01m[K/usr/include/x86_64-linux-gnu/c++/9/bits/c++allocator.h:33[m[K,
[3.975s]                  from [01m[K/usr/include/c++/9/bits/allocator.h:46[m[K,
[3.975s]                  from [01m[K/usr/include/c++/9/memory:63[m[K,
[3.975s]                  from [01m[K/opt/ros/foxy/include/rclcpp/rclcpp.hpp:144[m[K,
[3.975s]                  from [01m[K/home/ulugbek/dev-ws/src/static_tf_publisher/src/static_tf_publisher_node.cpp:1[m[K:
[3.975s] /usr/include/c++/9/ext/new_allocator.h: In instantiation of â€˜[01m[Kvoid __gnu_cxx::new_allocator<_Tp>::construct(_Up*, _Args&& ...) [with _Up = StaticTfPublisher; _Args = {}; _Tp = StaticTfPublisher][m[Kâ€™:
[3.975s] [01m[K/usr/include/c++/9/bits/alloc_traits.h:483:4:[m[K   required from â€˜[01m[Kstatic void std::allocator_traits<std::allocator<_Tp1> >::construct(std::allocator_traits<std::allocator<_Tp1> >::allocator_type&, _Up*, _Args&& ...) [with _Up = StaticTfPublisher; _Args = {}; _Tp = StaticTfPublisher; std::allocator_traits<std::allocator<_Tp1> >::allocator_type = std::allocator<StaticTfPublisher>][m[Kâ€™
[3.975s] [01m[K/usr/include/c++/9/bits/shared_ptr_base.h:548:39:[m[K   required from â€˜[01m[Kstd::_Sp_counted_ptr_inplace<_Tp, _Alloc, _Lp>::_Sp_counted_ptr_inplace(_Alloc, _Args&& ...) [with _Args = {}; _Tp = StaticTfPublisher; _Alloc = std::allocator<StaticTfPublisher>; __gnu_cxx::_Lock_policy _Lp = __gnu_cxx::_S_atomic][m[Kâ€™
[3.975s] [01m[K/usr/include/c++/9/bits/shared_ptr_base.h:679:16:[m[K   required from â€˜[01m[Kstd::__shared_count<_Lp>::__shared_count(_Tp*&, std::_Sp_alloc_shared_tag<_Alloc>, _Args&& ...) [with _Tp = StaticTfPublisher; _Alloc = std::allocator<StaticTfPublisher>; _Args = {}; __gnu_cxx::_Lock_policy _Lp = __gnu_cxx::_S_atomic][m[Kâ€™
[3.975s] [01m[K/usr/include/c++/9/bits/shared_ptr_base.h:1344:71:[m[K   required from â€˜[01m[Kstd::__shared_ptr<_Tp, _Lp>::__shared_ptr(std::_Sp_alloc_shared_tag<_Tp>, _Args&& ...) [with _Alloc = std::allocator<StaticTfPublisher>; _Args = {}; _Tp = StaticTfPublisher; __gnu_cxx::_Lock_policy _Lp = __gnu_cxx::_S_atomic][m[Kâ€™
[3.975s] [01m[K/usr/include/c++/9/bits/shared_ptr.h:359:59:[m[K   required from â€˜[01m[Kstd::shared_ptr<_Tp>::shared_ptr(std::_Sp_alloc_shared_tag<_Tp>, _Args&& ...) [with _Alloc = std::allocator<StaticTfPublisher>; _Args = {}; _Tp = StaticTfPublisher][m[Kâ€™
[3.975s] [01m[K/usr/include/c++/9/bits/shared_ptr.h:701:14:[m[K   required from â€˜[01m[Kstd::shared_ptr<_Tp> std::allocate_shared(const _Alloc&, _Args&& ...) [with _Tp = StaticTfPublisher; _Alloc = std::allocator<StaticTfPublisher>; _Args = {}][m[Kâ€™
[3.975s] [01m[K/usr/include/c++/9/bits/shared_ptr.h:717:39:[m[K   required from â€˜[01m[Kstd::shared_ptr<_Tp> std::make_shared(_Args&& ...) [with _Tp = StaticTfPublisher; _Args = {}][m[Kâ€™
[3.975s] [01m[K/home/ulugbek/dev-ws/src/static_tf_publisher/src/static_tf_publisher_node.cpp:58:52:[m[K   required from here
[3.975s] [01m[K/usr/include/c++/9/ext/new_allocator.h:146:4:[m[K [01;31m[Kerror: [m[Kuse of deleted function â€˜[01m[KStaticTfPublisher::StaticTfPublisher()[m[Kâ€™
[3.976s]   146 |  { [01;31m[K::new((void *)__p) _Up(std::forward<_Args>(__args)...)[m[K; }
[3.976s]       |    [01;31m[K^~~~~~~~~~~~~~~~~~~~~~~~~~~~~~~~~~~~~~~~~~~~~~~~~~~~~~[m[K
[3.976s] [01m[K/home/ulugbek/dev-ws/src/static_tf_publisher/src/static_tf_publisher_node.cpp:7:7:[m[K [01;36m[Knote: [m[Kâ€˜[01m[KStaticTfPublisher::StaticTfPublisher()[m[Kâ€™ is implicitly deleted because the default definition would be ill-formed:
[3.976s]     7 | class [01;36m[KStaticTfPublisher[m[K : public rclcpp::Node
[3.976s]       |       [01;36m[K^~~~~~~~~~~~~~~~~[m[K
[3.976s] [01m[K/home/ulugbek/dev-ws/src/static_tf_publisher/src/static_tf_publisher_node.cpp:7:7:[m[K [01;31m[Kerror: [m[Kno matching function for call to â€˜[01m[Krclcpp::Node::Node()[m[Kâ€™
[3.976s] In file included from [01m[K/opt/ros/foxy/include/rclcpp/executors/single_threaded_executor.hpp:28[m[K,
[3.976s]                  from [01m[K/opt/ros/foxy/include/rclcpp/executors.hpp:22[m[K,
[3.976s]                  from [01m[K/opt/ros/foxy/include/rclcpp/rclcpp.hpp:146[m[K,
[3.976s]                  from [01m[K/home/ulugbek/dev-ws/src/static_tf_publisher/src/static_tf_publisher_node.cpp:1[m[K:
[3.976s] [01m[K/opt/ros/foxy/include/rclcpp/node.hpp:1193:3:[m[K [01;36m[Knote: [m[Kcandidate: â€˜[01m[Krclcpp::Node::Node(const rclcpp::Node&, const string&)[m[Kâ€™
[3.976s]  1193 |   [01;36m[KNode[m[K(
[3.976s]       |   [01;36m[K^~~~[m[K
[3.976s] [01m[K/opt/ros/foxy/include/rclcpp/node.hpp:1193:3:[m[K [01;36m[Knote: [m[K  candidate expects 2 arguments, 0 provided
[3.976s] [01m[K/opt/ros/foxy/include/rclcpp/node.hpp:98:12:[m[K [01;36m[Knote: [m[Kcandidate: â€˜[01m[Krclcpp::Node::Node(const string&, const string&, const rclcpp::NodeOptions&)[m[Kâ€™
[3.976s]    98 |   explicit [01;36m[KNode[m[K(
[3.976s]       |            [01;36m[K^~~~[m[K
[3.976s] [01m[K/opt/ros/foxy/include/rclcpp/node.hpp:98:12:[m[K [01;36m[Knote: [m[K  candidate expects 3 arguments, 0 provided
[3.977s] [01m[K/opt/ros/foxy/include/rclcpp/node.hpp:86:12:[m[K [01;36m[Knote: [m[Kcandidate: â€˜[01m[Krclcpp::Node::Node(const string&, const rclcpp::NodeOptions&)[m[Kâ€™
[3.977s]    86 |   explicit [01;36m[KNode[m[K(
[3.977s]       |            [01;36m[K^~~~[m[K
[3.977s] [01m[K/opt/ros/foxy/include/rclcpp/node.hpp:86:12:[m[K [01;36m[Knote: [m[K  candidate expects 2 arguments, 0 provided
[4.263s] make[2]: *** [CMakeFiles/static_tf_publisher_node.dir/build.make:63: CMakeFiles/static_tf_publisher_node.dir/src/static_tf_publisher_node.cpp.o] Error 1
[4.263s] make[1]: *** [CMakeFiles/Makefile2:78: CMakeFiles/static_tf_publisher_node.dir/all] Error 2
[4.263s] make: *** [Makefile:141: all] Error 2
[4.266s] Invoked command in '/home/ulugbek/dev-ws/src/build/static_tf_publisher' returned '2': CMAKE_PREFIX_PATH=/opt/ros/foxy CONDA_PROMPT_MODIFIER=(base) /usr/bin/cmake --build /home/ulugbek/dev-ws/src/build/static_tf_publisher -- -j16 -l16
