[0.350s] Invoking command in '/home/ulugbek/dev-ws/src/build/velodyne_subscriber': CMAKE_PREFIX_PATH=${CMAKE_PREFIX_PATH}:/home/ulugbek/dev-ws/src/install/ros_tcp_endpoint:/home/ulugbek/dev-ws/install/ros_tcp_endpoint:/opt/ros/foxy CONDA_PROMPT_MODIFIER=(base) /usr/bin/cmake --build /home/ulugbek/dev-ws/src/build/velodyne_subscriber -- -j16 -l16
[0.405s] -- Found ament_cmake: 0.9.11 (/opt/ros/foxy/share/ament_cmake/cmake)
[0.469s] -- Using PYTHON_EXECUTABLE: /home/ulugbek/anaconda3/bin/python3
[0.749s] -- Override CMake install command with custom implementation using symlinks instead of copying resources
[0.768s] -- Found rclcpp: 2.4.2 (/opt/ros/foxy/share/rclcpp/cmake)
[0.797s] -- Using all available rosidl_typesupport_c: rosidl_typesupport_fastrtps_c;rosidl_typesupport_introspection_c
[0.797s] -- Found rosidl_adapter: 1.3.0 (/opt/ros/foxy/share/rosidl_adapter/cmake)
[0.907s] -- Using all available rosidl_typesupport_cpp: rosidl_typesupport_fastrtps_cpp;rosidl_typesupport_introspection_cpp
[0.956s] -- Found rmw_implementation_cmake: 1.0.3 (/opt/ros/foxy/share/rmw_implementation_cmake/cmake)
[0.956s] -- Using RMW implementation 'rmw_fastrtps_cpp' as default
[1.087s] -- Found sensor_msgs: 2.0.5 (/opt/ros/foxy/share/sensor_msgs/cmake)
[1.198s] -- Found pcl_conversions: 2.2.1 (/opt/ros/foxy/share/pcl_conversions/cmake)
[1.352s] -- Found pcl_ros: 2.2.1 (/opt/ros/foxy/share/pcl_ros/cmake)
[1.435s] -- Found eigen3_cmake_module: 0.1.1 (/opt/ros/foxy/share/eigen3_cmake_module/cmake)
[1.766s] -- Eigen found (include: /usr/include/eigen3, version: 3.3.7)
[1.831s] -- The imported target "vtkParseOGLExt" references the file
[1.831s]    "/usr/bin/vtkParseOGLExt-7.1"
[1.831s] but this file does not exist.  Possible reasons include:
[1.831s] * The file was deleted, renamed, or moved to another location.
[1.831s] * An install or uninstall procedure did not complete successfully.
[1.831s] * The installation package was faulty and contained
[1.832s]    "/usr/lib/cmake/vtk-7.1/VTKTargets.cmake"
[1.832s] but not all the files it references.
[1.832s] 
[1.832s] -- The imported target "vtkRenderingPythonTkWidgets" references the file
[1.832s]    "/usr/lib/x86_64-linux-gnu/libvtkRenderingPythonTkWidgets.so"
[1.832s] but this file does not exist.  Possible reasons include:
[1.832s] * The file was deleted, renamed, or moved to another location.
[1.832s] * An install or uninstall procedure did not complete successfully.
[1.832s] * The installation package was faulty and contained
[1.832s]    "/usr/lib/cmake/vtk-7.1/VTKTargets.cmake"
[1.832s] but not all the files it references.
[1.832s] 
[1.833s] -- The imported target "vtk" references the file
[1.833s]    "/usr/bin/vtk"
[1.833s] but this file does not exist.  Possible reasons include:
[1.833s] * The file was deleted, renamed, or moved to another location.
[1.833s] * An install or uninstall procedure did not complete successfully.
[1.833s] * The installation package was faulty and contained
[1.833s]    "/usr/lib/cmake/vtk-7.1/VTKTargets.cmake"
[1.833s] but not all the files it references.
[1.833s] 
[1.833s] -- The imported target "pvtk" references the file
[1.833s]    "/usr/bin/pvtk"
[1.833s] but this file does not exist.  Possible reasons include:
[1.833s] * The file was deleted, renamed, or moved to another location.
[1.833s] * An install or uninstall procedure did not complete successfully.
[1.833s] * The installation package was faulty and contained
[1.833s]    "/usr/lib/cmake/vtk-7.1/VTKTargets.cmake"
[1.834s] but not all the files it references.
[1.834s] 
[1.847s] -- Checking for module 'libusb-1.0'
[1.849s] --   No package 'libusb-1.0' found
[1.852s] -- Could NOT find USB_10 (missing: USB_10_LIBRARY USB_10_INCLUDE_DIR) 
[1.852s] -- OpenNI disabled because libusb-1.0 not found.
[1.855s] -- Checking for module 'libusb-1.0'
[1.858s] --   No package 'libusb-1.0' found
[1.860s] -- Could NOT find USB_10 (missing: USB_10_LIBRARY USB_10_INCLUDE_DIR) 
[1.860s] -- OpenNI 2 disabled because libusb-1.0 not found.
[1.871s] -- LIBUSB_1_LIBRARY (missing: LIBUSB_1_INCLUDE_DIR) 
[1.875s] -- Checking for module 'libusb-1.0'
[1.877s] --   No package 'libusb-1.0' found
[1.880s] -- Could NOT find USB_10 (missing: USB_10_LIBRARY USB_10_INCLUDE_DIR) 
[1.880s] -- OpenNI disabled because libusb-1.0 not found.
[1.884s] -- Checking for module 'libusb-1.0'
[1.886s] --   No package 'libusb-1.0' found
[1.888s] -- Could NOT find USB_10 (missing: USB_10_LIBRARY USB_10_INCLUDE_DIR) 
[1.888s] -- OpenNI 2 disabled because libusb-1.0 not found.
[1.898s] -- QHULL found (include: /usr/include, lib: optimized;/usr/lib/x86_64-linux-gnu/libqhull.so;debug;/usr/lib/x86_64-linux-gnu/libqhull.so)
[1.903s] -- Checking for module 'libusb-1.0'
[1.907s] --   No package 'libusb-1.0' found
[1.910s] -- Could NOT find USB_10 (missing: USB_10_LIBRARY USB_10_INCLUDE_DIR) 
[1.911s] -- OpenNI disabled because libusb-1.0 not found.
[2.193s] -- Found ament_lint_auto: 0.9.7 (/opt/ros/foxy/share/ament_lint_auto/cmake)
[2.316s] -- Added test 'copyright' to check source files copyright and LICENSE
[2.317s] -- Added test 'cppcheck' to perform static code analysis on C / C++ code
[2.317s] -- Configured cppcheck include dirs: 
[2.317s] -- Configured cppcheck exclude dirs and/or files: 
[2.318s] -- Added test 'cpplint' to check C / C++ code against the Google style
[2.318s] -- Configured cpplint exclude dirs and/or files: 
[2.319s] -- Added test 'lint_cmake' to check CMake code style
[2.319s] -- Added test 'uncrustify' to check C / C++ code style
[2.319s] -- Configured uncrustify additional arguments: 
[2.320s] -- Added test 'xmllint' to check XML markup files
[2.323s] -- Configuring done
[2.687s] -- Generating done
[2.689s] -- Build files have been written to: /home/ulugbek/dev-ws/src/build/velodyne_subscriber
[2.758s] [ 50%] [32mBuilding CXX object CMakeFiles/velodyne_subscriber_node.dir/src/velodyne_subscriber_node.cpp.o[0m
[2.842s] [01m[K/home/ulugbek/dev-ws/src/velodyne_subscriber/src/velodyne_subscriber_node.cpp:2:10:[m[K [01;31m[Kfatal error: [m[Ksensor_msgs/msg/PointCloud2.hpp: No such file or directory
[2.843s]     2 | #include [01;31m[K<sensor_msgs/msg/PointCloud2.hpp>[m[K
[2.843s]       |          [01;31m[K^~~~~~~~~~~~~~~~~~~~~~~~~~~~~~~~~[m[K
[2.843s] compilation terminated.
[2.852s] make[2]: *** [CMakeFiles/velodyne_subscriber_node.dir/build.make:63: CMakeFiles/velodyne_subscriber_node.dir/src/velodyne_subscriber_node.cpp.o] Error 1
[2.853s] make[1]: *** [CMakeFiles/Makefile2:78: CMakeFiles/velodyne_subscriber_node.dir/all] Error 2
[2.853s] make: *** [Makefile:141: all] Error 2
[2.855s] Invoked command in '/home/ulugbek/dev-ws/src/build/velodyne_subscriber' returned '2': CMAKE_PREFIX_PATH=${CMAKE_PREFIX_PATH}:/home/ulugbek/dev-ws/src/install/ros_tcp_endpoint:/home/ulugbek/dev-ws/install/ros_tcp_endpoint:/opt/ros/foxy CONDA_PROMPT_MODIFIER=(base) /usr/bin/cmake --build /home/ulugbek/dev-ws/src/build/velodyne_subscriber -- -j16 -l16
